<?xml version="1.0" encoding="UTF-8"?>
<!-- Generated by org.testng.reporters.JUnitReportReporter -->
<testsuite skipped="0" hostname="Home" name="postRequest.Post_data" tests="1" failures="0" timestamp="27 Jan 2019 03:59:59 GMT" time="6.361" errors="0">
  <testcase name="testResponse" time="6.361" classname="postRequest.Post_data"/>
</testsuite> <!-- postRequest.Post_data -->
