<?xml version="1.0" encoding="UTF-8"?>
<!-- Generated by org.testng.reporters.JUnitReportReporter -->
<testsuite skipped="0" hostname="Home" name="api_package.Post_data" tests="1" failures="0" timestamp="27 Jan 2019 13:01:31 GMT" time="6.890" errors="0">
  <testcase name="testResponse" time="6.890" classname="api_package.Post_data"/>
</testsuite> <!-- api_package.Post_data -->
